<?xml version="1.0" encoding="UTF-8"?>
<testsuite xmlns:xsi="http://www.w3.org/2001/XMLSchema-instance" xsi:noNamespaceSchemaLocation="https://maven.apache.org/surefire/maven-surefire-plugin/xsd/surefire-test-report.xsd" name="ContactManagerTest" time="0.294" tests="21" errors="0" skipped="4" failures="0">
  <properties>
[...]
</properties>
  <testcase name="shouldCreateContactOnMAC" classname="ContactManagerTest" time="0.032"/>
  <testcase name="shouldTestPhoneNumberFormatUsingMethodSource{String}[1]" classname="ContactManagerTest" time="0.034"/>
  <testcase name="shouldTestPhoneNumberFormatUsingMethodSource{String}[2]" classname="ContactManagerTest" time="0.004"/>
  <testcase name="shouldTestPhoneNumberFormatUsingMethodSource{String}[3]" classname="ContactManagerTest" time="0.004"/>
  <testcase name="shouldBeDisabled" classname="ContactManagerTest" time="0">
    <skipped message="public void ContactManagerTest.shouldBeDisabled() is @Disabled"/>
  </testcase>
  <testcase name="shouldThrowRuntimeExceptionWhenPhoneNumberIsNull" classname="ContactManagerTest" time="0.007"/>
  <testcase name="shouldTestPhoneNumberFormat" classname="ContactManagerTest" time="0.002"/>
  <testcase name="shouldThrowRuntimeExceptionWhenFirstNameIsNull" classname="ContactManagerTest" time="0.001"/>
  <testcase name="shouldThrowRuntimeExceptionWhenLastNameIsNull" classname="ContactManagerTest" time="0.002"/>
  <testcase name="shouldTestContactCreationOnDEV" classname="ContactManagerTest" time="0">
    <skipped message="Assumption failed: assumption is not true" type="org.opentest4j.TestAbortedException">org.opentest4j.TestAbortedException: Assumption failed: assumption is not true
	at ContactManagerTest.shouldTestContactCreationOnDEV(ContactManagerTest.java:75)
</skipped>
    <system-out><![CDATA[Instantiating Contact Manager
Should Execute After Each Test
]]></system-out>
  </testcase>
  <testcase name="shouldCreateContact" classname="ContactManagerTest" time="0.003"/>
  <testcase name="shouldTestPhoneNumberFormatUsingCSVFileSource{String}" classname="ContactManagerTest$ParameterizedTests" time="0">
    <skipped message="public void ContactManagerTest$ParameterizedTests.shouldTestPhoneNumberFormatUsingCSVFileSource(java.lang.String) is @Disabled"/>
  </testcase>
  <testcase name="shouldTestPhoneNumberFormatUsingValueSource{String}[1]" classname="ContactManagerTest$ParameterizedTests" time="0.003"/>
  <testcase name="shouldTestPhoneNumberFormatUsingValueSource{String}[2]" classname="ContactManagerTest$ParameterizedTests" time="0.005"/>
  <testcase name="shouldTestPhoneNumberFormatUsingValueSource{String}[3]" classname="ContactManagerTest$ParameterizedTests" time="0.004"/>
  <testcase name="shouldTestPhoneNumberFormatUsingCSVSource{String}" classname="ContactManagerTest$ParameterizedTests" time="0">
    <skipped message="public void ContactManagerTest$ParameterizedTests.shouldTestPhoneNumberFormatUsingCSVSource(java.lang.String) is @Disabled"/>
  </testcase>
  <testcase name="shouldTestContactCreationRepeatedly[1]" classname="ContactManagerTest$RepeatedTests" time="0.002"/>
  <testcase name="shouldTestContactCreationRepeatedly[2]" classname="ContactManagerTest$RepeatedTests" time="0.003"/>
  <testcase name="shouldTestContactCreationRepeatedly[3]" classname="ContactManagerTest$RepeatedTests" time="0.006"/>
  <testcase name="shouldTestContactCreationRepeatedly[4]" classname="ContactManagerTest$RepeatedTests" time="0.001"/>
  <testcase name="shouldTestContactCreationRepeatedly[5]" classname="ContactManagerTest$RepeatedTests" time="0.003"/>
</testsuite>